<?xml version="1.0" encoding="UTF-8"?>
<!-- Generated by org.testng.reporters.JUnitReportReporter -->
<testsuite hostname="rmn" failures="0" tests="1" name="com.interbanking.testcases.TC_LoginTest001" time="3.574" errors="0" timestamp="2023-06-07T20:44:05 IST" skipped="0">
  <testcase classname="com.interbanking.testcases.TC_LoginTest001" name="loginTest" time="3.574"/>
  <system-out/>
</testsuite> <!-- com.interbanking.testcases.TC_LoginTest001 -->
